
---- File ./app/myconfiguration.py
acidentes_rodovias -> road_accidents [./app/myconfiguration.py]

---- File ./app/__init__.py
acidentes_em_rodovias_refatoracao -> accidents_on_highways_refactoring [./app/__init__.py]
acidentes_em_rodovias -> highway_accidents [./app/__init__.py]

---- File ./app/util/estatisticas_util.py
__file__ -> __FILE__ [./app/util/estatisticas_util.py]
arquivo_csv -> csv_file [./app/util/estatisticas_util.py]
arquivo_csv -> csv_file [./app/util/estatisticas_util.py]
distribuicao_normal -> Normal_distribution [./app/util/estatisticas_util.py]
eixo_vertical -> vertical_axis [./app/util/estatisticas_util.py]
eixo_horizontal -> horizontal_axis [./app/util/estatisticas_util.py]
eixo_vertical -> vertical_axis [./app/util/estatisticas_util.py]
eixo_vertical -> vertical_axis [./app/util/estatisticas_util.py]
eixo_horizontal -> horizontal_axis [./app/util/estatisticas_util.py]
desvio_padrao -> standard_deviation [./app/util/estatisticas_util.py]
media_total -> total_average [./app/util/estatisticas_util.py]
media_total -> total_average [./app/util/estatisticas_util.py]
media_total -> total_average [./app/util/estatisticas_util.py]
media_total -> total_average [./app/util/estatisticas_util.py]
media_total -> total_average [./app/util/estatisticas_util.py]
media_total -> total_average [./app/util/estatisticas_util.py]
media_sexo -> average_sex [./app/util/estatisticas_util.py]

---- File ./app/util/__init__.py
acidentes_em_rodovias_refatoracao -> accidents_on_highways_refactoring [./app/util/__init__.py]

---- File ./app/util/validacao_util.py
validacao_util -> useful_a_validation [./app/util/validacao_util.py]
valida_data -> validates_date [./app/util/validacao_util.py]
valida_caracteres -> validates_characters [./app/util/validacao_util.py]

---- File ./app/tests/tests_dao_br_acidentes.py
acidentes_em_rodovias_refatoracao -> accidents_on_highways_refactoring [./app/tests/tests_dao_br_acidentes.py]
br_acidentes_dao -> br_accidents_dao [./app/tests/tests_dao_br_acidentes.py]
br_acidentes -> br_accidents [./app/tests/tests_dao_br_acidentes.py]
Test_BR_Acidentes -> BR_Test_Accident [./app/tests/tests_dao_br_acidentes.py]
Test_BR_Acidentes -> BR_Test_Accident [./app/tests/tests_dao_br_acidentes.py]
br_acidentes_dao -> br_accidents_dao [./app/tests/tests_dao_br_acidentes.py]
test_br_acidentes -> test_br_accidents [./app/tests/tests_dao_br_acidentes.py]
test_acidentes_br_geral -> test_general_accidents_en [./app/tests/tests_dao_br_acidentes.py]
acidentes_br_geral -> Overall_accidents_en [./app/tests/tests_dao_br_acidentes.py]
test_acidentes_br_ano -> accidents_br_test_year [./app/tests/tests_dao_br_acidentes.py]
br_acidentes_ano_list -> br_accident_year_list [./app/tests/tests_dao_br_acidentes.py]
br_acidentes_ano_list -> br_accident_year_list [./app/tests/tests_dao_br_acidentes.py]
acidentes_br_ano -> accidents_br_year [./app/tests/tests_dao_br_acidentes.py]
br_acidentes_ano_list -> br_accident_year_list [./app/tests/tests_dao_br_acidentes.py]
ano_list -> year_list [./app/tests/tests_dao_br_acidentes.py]
br_acidentes_ano_list -> br_accident_year_list [./app/tests/tests_dao_br_acidentes.py]

---- File ./app/tests/tests_dao_ocorrencia.py
acidentes_em_rodovias_refatoracao -> accidents_on_highways_refactoring [./app/tests/tests_dao_ocorrencia.py]
ocorrencia_basica_dao -> basic_occurrence_dao [./app/tests/tests_dao_ocorrencia.py]
ocorrencia_basica_dao -> basic_occurrence_dao [./app/tests/tests_dao_ocorrencia.py]
test_existing_ocorrencia_dao_instance -> test_existing_occurrence_dao_instance [./app/tests/tests_dao_ocorrencia.py]
test_ocorrencia_por_regiao -> Test_occurrence_by_region [./app/tests/tests_dao_ocorrencia.py]
lista_ocorrencias_por_regiao -> occurrences_list_by_region [./app/tests/tests_dao_ocorrencia.py]
lista_ocorrencias_por_regiao -> occurrences_list_by_region [./app/tests/tests_dao_ocorrencia.py]
test_ocorrencia_por_periodo -> test_period_for_occurrence [./app/tests/tests_dao_ocorrencia.py]
lista_ocorrencias_por_periodo -> occurrences_list_by_period [./app/tests/tests_dao_ocorrencia.py]
lista_ocorrencias_por_periodo -> occurrences_list_by_period [./app/tests/tests_dao_ocorrencia.py]

---- File ./app/tests/tests_dao_tiposacidentes.py
acidentes_em_rodovias_refatoracao -> accidents_on_highways_refactoring [./app/tests/tests_dao_tiposacidentes.py]
tipos_acidentes_dao -> types_accidents_dao [./app/tests/tests_dao_tiposacidentes.py]
tipos_acidentes_dao -> types_accidents_dao [./app/tests/tests_dao_tiposacidentes.py]
test_tipos_acidentes -> test_types_accidents [./app/tests/tests_dao_tiposacidentes.py]
tipos_acidentes_list -> types_accidents_list [./app/tests/tests_dao_tiposacidentes.py]
tipos_acidentes -> types_accidents [./app/tests/tests_dao_tiposacidentes.py]
tipos_acidentes_list -> types_accidents_list [./app/tests/tests_dao_tiposacidentes.py]
descricao_tipos_acidentes -> description_types_accidents [./app/tests/tests_dao_tiposacidentes.py]
tipos_acidentes_list -> types_accidents_list [./app/tests/tests_dao_tiposacidentes.py]
descricao_tipos_acidentes -> description_types_accidents [./app/tests/tests_dao_tiposacidentes.py]
descricao_tipos_acidentes -> description_types_accidents [./app/tests/tests_dao_tiposacidentes.py]
test_tipos_acidentes_ano -> test_types_accidents_year [./app/tests/tests_dao_tiposacidentes.py]
tipos_acidentes_ano -> types_accidents_year [./app/tests/tests_dao_tiposacidentes.py]
tipos_acidentes_list -> types_accidents_list [./app/tests/tests_dao_tiposacidentes.py]
descricao_tipos_acidentes_ano -> description_types_accidents_year [./app/tests/tests_dao_tiposacidentes.py]
tipos_acidentes_ano_list -> types_accidents_the_year_list [./app/tests/tests_dao_tiposacidentes.py]
tipos_acidentes_ano -> types_accidents_year [./app/tests/tests_dao_tiposacidentes.py]
tipos_acidentes_ano_list -> types_accidents_the_year_list [./app/tests/tests_dao_tiposacidentes.py]
ano_list -> year_list [./app/tests/tests_dao_tiposacidentes.py]
descricao_tipos_acidentes_ano -> description_types_accidents_year [./app/tests/tests_dao_tiposacidentes.py]
tipos_acidentes_ano_list -> types_accidents_the_year_list [./app/tests/tests_dao_tiposacidentes.py]
descricao_tipos_acidentes_ano -> description_types_accidents_year [./app/tests/tests_dao_tiposacidentes.py]
descricao_tipos_acidentes_ano -> description_types_accidents_year [./app/tests/tests_dao_tiposacidentes.py]
test_probabilidade_tipos_acidentes -> test_probability_types_accidents [./app/tests/tests_dao_tiposacidentes.py]
probabilidade_tipos_acidentes -> likely_types_accidents [./app/tests/tests_dao_tiposacidentes.py]
probabilidade_tipos_list -> likely_types_list [./app/tests/tests_dao_tiposacidentes.py]
probabilidade_tipos_list -> likely_types_list [./app/tests/tests_dao_tiposacidentes.py]
probabilidade_tipos_acidentes -> likely_types_accidents [./app/tests/tests_dao_tiposacidentes.py]
prob_tipos -> prob_types [./app/tests/tests_dao_tiposacidentes.py]
probabilidade_tipos_list -> likely_types_list [./app/tests/tests_dao_tiposacidentes.py]
prob_tipos -> prob_types [./app/tests/tests_dao_tiposacidentes.py]
probabilidade_por_limite_list -> probability_threshold_for_list [./app/tests/tests_dao_tiposacidentes.py]
test_media_desvio_tipos_acidentes -> average_deviation_test_types_accidents [./app/tests/tests_dao_tiposacidentes.py]
media_desvio_tipos_acidentes -> deviation_types_accidents [./app/tests/tests_dao_tiposacidentes.py]
media_desvio_list -> deviation_list [./app/tests/tests_dao_tiposacidentes.py]
media_desvio_list -> deviation_list [./app/tests/tests_dao_tiposacidentes.py]
media_desvio_tipos_acidentes -> deviation_types_accidents [./app/tests/tests_dao_tiposacidentes.py]
media_desvio_tipos_acidentes -> deviation_types_accidents [./app/tests/tests_dao_tiposacidentes.py]
media_desvio_list -> deviation_list [./app/tests/tests_dao_tiposacidentes.py]
media_desvio_tipos_acidentes -> deviation_types_accidents [./app/tests/tests_dao_tiposacidentes.py]
media_desvio_tipos_acidentes -> deviation_types_accidents [./app/tests/tests_dao_tiposacidentes.py]

---- File ./app/tests/tests_dao.py
acidentes_em_rodovias_refatoracao -> accidents_on_highways_refactoring [./app/tests/tests_dao.py]
envolvidos_acidentes -> involved_accidents [./app/tests/tests_dao.py]
causas_acidentes -> causes_accidents [./app/tests/tests_dao.py]
generico_dao -> Generic_Dao [./app/tests/tests_dao.py]
generico_dao -> Generic_Dao [./app/tests/tests_dao.py]
generico_dao -> Generic_Dao [./app/tests/tests_dao.py]
generico_dao -> Generic_Dao [./app/tests/tests_dao.py]
generico_dao -> Generic_Dao [./app/tests/tests_dao.py]
test_existing_dao_instance -> test_dao_existing_instance [./app/tests/tests_dao.py]
test_get_conexao -> get_test_connection [./app/tests/tests_dao.py]
get_conexao -> get_connection [./app/tests/tests_dao.py]
get_conexao -> get_connection [./app/tests/tests_dao.py]
test_try_query -> try_test_query [./app/tests/tests_dao.py]
executa_query -> performs_query [./app/tests/tests_dao.py]
executa_query -> performs_query [./app/tests/tests_dao.py]
test_transforma_objeto -> test_object_transforms [./app/tests/tests_dao.py]
transforma_dicionario_em_objetos -> turns_dictionary_objects [./app/tests/tests_dao.py]
executa_query -> performs_query [./app/tests/tests_dao.py]
transforma_dicionario_em_objetos -> turns_dictionary_objects [./app/tests/tests_dao.py]
executa_query -> performs_query [./app/tests/tests_dao.py]
transforma_dicionario_em_objetos -> turns_dictionary_objects [./app/tests/tests_dao.py]
test_instancia_objetos -> test_instantiates_objects [./app/tests/tests_dao.py]
causas_acidentes -> causes_accidents [./app/tests/tests_dao.py]
causas_acidentes -> causes_accidents [./app/tests/tests_dao.py]
causas_acidentes -> causes_accidents [./app/tests/tests_dao.py]
causas_acidentes -> causes_accidents [./app/tests/tests_dao.py]
causas_acidentes -> causes_accidents [./app/tests/tests_dao.py]
causas_acidentes -> causes_accidents [./app/tests/tests_dao.py]
envolvidos_acidentes -> involved_accidents [./app/tests/tests_dao.py]

---- File ./app/tests/tests_dao_uf_acidentes.py
acidentes_em_rodovias_refatoracao -> accidents_on_highways_refactoring [./app/tests/tests_dao_uf_acidentes.py]
uf_acidentes_dao -> uf_accidents_dao [./app/tests/tests_dao_uf_acidentes.py]
uf_acidentes -> uf_accidents [./app/tests/tests_dao_uf_acidentes.py]
Test_UF_Acidentes -> Test_UF_Accidents [./app/tests/tests_dao_uf_acidentes.py]
uf_acidentes_dao -> uf_accidents_dao [./app/tests/tests_dao_uf_acidentes.py]
test_uf_acidentes -> test_uf_accidents [./app/tests/tests_dao_uf_acidentes.py]
test_acidentes_uf_geral -> Overall_test_uf_accidents [./app/tests/tests_dao_uf_acidentes.py]
acidentes_uf_geral -> Overall_uf_accidents [./app/tests/tests_dao_uf_acidentes.py]
test_acidentes_uf_ano -> test_uf_accident_year [./app/tests/tests_dao_uf_acidentes.py]
uf_acidentes_ano_list -> uf_accident_year_list [./app/tests/tests_dao_uf_acidentes.py]
uf_acidentes_ano_list -> uf_accident_year_list [./app/tests/tests_dao_uf_acidentes.py]
acidentes_uf_ano -> uf_accident_year [./app/tests/tests_dao_uf_acidentes.py]
uf_acidentes_ano_list -> uf_accident_year_list [./app/tests/tests_dao_uf_acidentes.py]
ano_list -> year_list [./app/tests/tests_dao_uf_acidentes.py]
uf_acidentes_ano_list -> uf_accident_year_list [./app/tests/tests_dao_uf_acidentes.py]

---- File ./app/tests/tests_util_validacao.py
acidentes_em_rodovias_refatoracao -> accidents_on_highways_refactoring [./app/tests/tests_util_validacao.py]
validacao_util -> useful_a_validation [./app/tests/tests_util_validacao.py]
Test_Valida -> Test_Validates [./app/tests/tests_util_validacao.py]
Test_Valida -> Test_Validates [./app/tests/tests_util_validacao.py]
Test_Valida -> Test_Validates [./app/tests/tests_util_validacao.py]
test_valida_data -> valid_test_data [./app/tests/tests_util_validacao.py]
validacao_util -> useful_a_validation [./app/tests/tests_util_validacao.py]
valida_data -> validates_date [./app/tests/tests_util_validacao.py]
validacao_util -> useful_a_validation [./app/tests/tests_util_validacao.py]
valida_data -> validates_date [./app/tests/tests_util_validacao.py]
test_valida_caracteres -> test_validates_characters [./app/tests/tests_util_validacao.py]
validacao_util -> useful_a_validation [./app/tests/tests_util_validacao.py]
valida_caracteres -> validates_characters [./app/tests/tests_util_validacao.py]
validacao_util -> useful_a_validation [./app/tests/tests_util_validacao.py]
valida_caracteres -> validates_characters [./app/tests/tests_util_validacao.py]

---- File ./app/tests/tests_dao_UF.py
acidentes_em_rodovias_refatoracao -> accidents_on_highways_refactoring [./app/tests/tests_dao_UF.py]
test_existing_uf_dao_instance -> existing_test_dao_instance_uf [./app/tests/tests_dao_UF.py]
test_list_uf -> uf_test_list [./app/tests/tests_dao_UF.py]
lista_ufs -> ufs_list [./app/tests/tests_dao_UF.py]
lista_ufs -> ufs_list [./app/tests/tests_dao_UF.py]

---- File ./app/tests/tests_dao_municipio.py
acidentes_em_rodovias_refatoracao -> accidents_on_highways_refactoring [./app/tests/tests_dao_municipio.py]
municipio_dao -> municipality_dao [./app/tests/tests_dao_municipio.py]
municipio_dao -> municipality_dao [./app/tests/tests_dao_municipio.py]
test_existing_municipio_dao_instance -> test_existing_municipality_dao_instance [./app/tests/tests_dao_municipio.py]
test_list_municipio -> test_list_municipality [./app/tests/tests_dao_municipio.py]
lista_municipios -> counties_list [./app/tests/tests_dao_municipio.py]
lista_municipios -> counties_list [./app/tests/tests_dao_municipio.py]

---- File ./app/tests/tests_dao_envolvidosacidentes.py
acidentes_em_rodovias_refatoracao -> accidents_on_highways_refactoring [./app/tests/tests_dao_envolvidosacidentes.py]
envolvidos_acidentes_dao -> accidents_involved_dao [./app/tests/tests_dao_envolvidosacidentes.py]
envolvidos_acidentes_dao -> accidents_involved_dao [./app/tests/tests_dao_envolvidosacidentes.py]
test_envolvidos_acidentes -> test_involved_accidents [./app/tests/tests_dao_envolvidosacidentes.py]
envolvidos_acidentes -> involved_accidents [./app/tests/tests_dao_envolvidosacidentes.py]
envolvidos_acidentes_list -> involved_accidents_list [./app/tests/tests_dao_envolvidosacidentes.py]
envolvidos_acidentes_list -> involved_accidents_list [./app/tests/tests_dao_envolvidosacidentes.py]
envolvidos_acidentes -> involved_accidents [./app/tests/tests_dao_envolvidosacidentes.py]
envolvidos_acidentes_list -> involved_accidents_list [./app/tests/tests_dao_envolvidosacidentes.py]
envolvidos_acidentes_list -> involved_accidents_list [./app/tests/tests_dao_envolvidosacidentes.py]
test_media_desvio_envolvidos -> deviation_test_involved [./app/tests/tests_dao_envolvidosacidentes.py]
media_desvio_envolvidos -> deviation_involved [./app/tests/tests_dao_envolvidosacidentes.py]
lista_medias -> averages_list [./app/tests/tests_dao_envolvidosacidentes.py]
media_desvio_envolvidos -> deviation_involved [./app/tests/tests_dao_envolvidosacidentes.py]
lista_medias -> averages_list [./app/tests/tests_dao_envolvidosacidentes.py]

---- File ./app/tests/tests_dao_causas_acidentes.py
acidentes_em_rodovias_refatoracao -> accidents_on_highways_refactoring [./app/tests/tests_dao_causas_acidentes.py]
causa_acidente_dao -> cause_accident_dao [./app/tests/tests_dao_causas_acidentes.py]
causas_acidentes_dao -> causes_accidents_dao [./app/tests/tests_dao_causas_acidentes.py]
test_causas_acidentes -> test_causes_accidents [./app/tests/tests_dao_causas_acidentes.py]
causas_acidentes -> causes_accidents [./app/tests/tests_dao_causas_acidentes.py]
causas_acidentes_list -> causes_accidents_list [./app/tests/tests_dao_causas_acidentes.py]
descricao_causas_acidentes -> description_causes_accidents [./app/tests/tests_dao_causas_acidentes.py]
causas_acidentes_list -> causes_accidents_list [./app/tests/tests_dao_causas_acidentes.py]
causas_acidentes -> causes_accidents [./app/tests/tests_dao_causas_acidentes.py]
descricao_causas_acidentes -> description_causes_accidents [./app/tests/tests_dao_causas_acidentes.py]
causas_acidentes_list -> causes_accidents_list [./app/tests/tests_dao_causas_acidentes.py]
descricao_causas_acidentes -> description_causes_accidents [./app/tests/tests_dao_causas_acidentes.py]
descricao_causas_acidentes -> description_causes_accidents [./app/tests/tests_dao_causas_acidentes.py]
test_causas_acidentes_ano -> test_causes_accident_year [./app/tests/tests_dao_causas_acidentes.py]
causas_acidentes_ano -> causes_accident_year [./app/tests/tests_dao_causas_acidentes.py]
causas_acidentes_list -> causes_accidents_list [./app/tests/tests_dao_causas_acidentes.py]
descricao_causas_acidentes_ano -> description_causes_accident_year [./app/tests/tests_dao_causas_acidentes.py]
causas_acidentes_ano_list -> causes_accidents_year_list [./app/tests/tests_dao_causas_acidentes.py]
causas_acidentes_ano -> causes_accident_year [./app/tests/tests_dao_causas_acidentes.py]
causas_acidentes_ano_list -> causes_accidents_year_list [./app/tests/tests_dao_causas_acidentes.py]
ano_list -> year_list [./app/tests/tests_dao_causas_acidentes.py]
descricao_causas_acidentes_ano -> description_causes_accident_year [./app/tests/tests_dao_causas_acidentes.py]
causas_acidentes_ano_list -> causes_accidents_year_list [./app/tests/tests_dao_causas_acidentes.py]
descricao_causas_acidentes_ano -> description_causes_accident_year [./app/tests/tests_dao_causas_acidentes.py]
descricao_causas_acidentes_ano -> description_causes_accident_year [./app/tests/tests_dao_causas_acidentes.py]
test_probabilidade_causas_acidentes -> test_probability_causes_accidents [./app/tests/tests_dao_causas_acidentes.py]
probabilidade_causas_acidentes -> likely_causes_accidents [./app/tests/tests_dao_causas_acidentes.py]
probabilidade_causas_list -> likely_causes_list [./app/tests/tests_dao_causas_acidentes.py]
probabilidade_causas_list -> likely_causes_list [./app/tests/tests_dao_causas_acidentes.py]
probabilidade_causas_acidentes -> likely_causes_accidents [./app/tests/tests_dao_causas_acidentes.py]
probabilidade_causas_list -> likely_causes_list [./app/tests/tests_dao_causas_acidentes.py]
probabilidade_por_limite_list -> probability_threshold_for_list [./app/tests/tests_dao_causas_acidentes.py]
test_media_desvio_causas_acidentes -> test_deviation_causes_accidents [./app/tests/tests_dao_causas_acidentes.py]
media_desvio_causas_acidentes -> deviation_causes_accidents [./app/tests/tests_dao_causas_acidentes.py]
media_desvio_list -> deviation_list [./app/tests/tests_dao_causas_acidentes.py]
media_desvio_list -> deviation_list [./app/tests/tests_dao_causas_acidentes.py]
media_desvio_causas_acidentes -> deviation_causes_accidents [./app/tests/tests_dao_causas_acidentes.py]
media_desvio_causas_acidentes -> deviation_causes_accidents [./app/tests/tests_dao_causas_acidentes.py]
media_desvio_list -> deviation_list [./app/tests/tests_dao_causas_acidentes.py]
media_desvio_causas_acidentes -> deviation_causes_accidents [./app/tests/tests_dao_causas_acidentes.py]
media_desvio_causas_acidentes -> deviation_causes_accidents [./app/tests/tests_dao_causas_acidentes.py]

---- File ./app/tests/tests_controller_estatistica_tipocausa.py
acidentes_em_rodovias_refatoracao -> accidents_on_highways_refactoring [./app/tests/tests_controller_estatistica_tipocausa.py]
estatisticas_causas_controller -> Statistics_controller_causes [./app/tests/tests_controller_estatistica_tipocausa.py]
test_causas_acidentes -> test_causes_accidents [./app/tests/tests_controller_estatistica_tipocausa.py]
causas_acidentes -> causes_accidents [./app/tests/tests_controller_estatistica_tipocausa.py]

---- File ./app/tests/tests_controller_estatistica_envolvidos.py
acidentes_em_rodovias_refatoracao -> accidents_on_highways_refactoring [./app/tests/tests_controller_estatistica_envolvidos.py]
estatisticas_envolvidos_controller -> Statistics_involved_controller [./app/tests/tests_controller_estatistica_envolvidos.py]
Test_Envolvidos -> Test_Involved [./app/tests/tests_controller_estatistica_envolvidos.py]
Test_Envolvidos -> Test_Involved [./app/tests/tests_controller_estatistica_envolvidos.py]
Test_Envolvidos -> Test_Involved [./app/tests/tests_controller_estatistica_envolvidos.py]
test_ocorrencias_e_envolvidos -> test_and_occurrences_involved [./app/tests/tests_controller_estatistica_envolvidos.py]
ocorrencias_e_envolvidos -> occurrences_and_involved [./app/tests/tests_controller_estatistica_envolvidos.py]

---- File ./app/tests/tests_controller_index.py
acidentes_em_rodovias_refatoracao -> accidents_on_highways_refactoring [./app/tests/tests_controller_index.py]
render_to_response -> yield_response_to [./app/tests/tests_controller_index.py]
render_to_response -> yield_response_to [./app/tests/tests_controller_index.py]
nao_existo -> not_exist [./app/tests/tests_controller_index.py]
test_index -> index_test [./app/tests/tests_controller_index.py]

---- File ./app/tests/tests_dao_estatistica_pessoas.py
acidentes_em_rodovias_refatoracao -> accidents_on_highways_refactoring [./app/tests/tests_dao_estatistica_pessoas.py]
pessoas_acidentes_dao -> people_accidents_dao [./app/tests/tests_dao_estatistica_pessoas.py]
pessoas_acidentes -> people_accidents [./app/tests/tests_dao_estatistica_pessoas.py]
Test_Estatistica_Pessoa -> Individual_Test_Statistics [./app/tests/tests_dao_estatistica_pessoas.py]
Test_Estatistica_Pessoa -> Individual_Test_Statistics [./app/tests/tests_dao_estatistica_pessoas.py]
pessoas_acidentes_dao -> people_accidents_dao [./app/tests/tests_dao_estatistica_pessoas.py]
test_acidentes_por_sexo -> test_accidents_by_sex [./app/tests/tests_dao_estatistica_pessoas.py]
acidentes_por_sexo -> accidents_by_sex [./app/tests/tests_dao_estatistica_pessoas.py]
test_instancia_estatistica_pessoa -> statistical_test_instantiates_person [./app/tests/tests_dao_estatistica_pessoas.py]
instancia_estatistica_pessoa -> instantiates_statistically_person [./app/tests/tests_dao_estatistica_pessoas.py]
estatistica_pessoas -> statistically_people [./app/tests/tests_dao_estatistica_pessoas.py]
estatistica_pessoas -> statistically_people [./app/tests/tests_dao_estatistica_pessoas.py]
estatistica_pessoas -> statistically_people [./app/tests/tests_dao_estatistica_pessoas.py]

---- File ./app/tests/tests_controller_consultabasica_periodo.py
acidentes_em_rodovias_refatoracao -> accidents_on_highways_refactoring [./app/tests/tests_controller_consultabasica_periodo.py]
consultabasica_periodo_controller -> consultabasica_contest_period [./app/tests/tests_controller_consultabasica_periodo.py]
Test_Periodo -> Test_Period [./app/tests/tests_controller_consultabasica_periodo.py]
Test_Periodo -> Test_Period [./app/tests/tests_controller_consultabasica_periodo.py]
Test_Periodo -> Test_Period [./app/tests/tests_controller_consultabasica_periodo.py]
test_consulta_por_periodo -> test_consultation_period [./app/tests/tests_controller_consultabasica_periodo.py]
consulta_por_periodo -> consultation_period [./app/tests/tests_controller_consultabasica_periodo.py]
test_consulta_ocorrencias_por_periodo -> test_query_occurrences_by_period [./app/tests/tests_controller_consultabasica_periodo.py]
consulta_ocorrencias_por_periodo -> query_occurrences_by_period [./app/tests/tests_controller_consultabasica_periodo.py]

---- File ./app/tests/tests_controller_consultabasica_regiao.py
acidentes_em_rodovias_refatoracao -> accidents_on_highways_refactoring [./app/tests/tests_controller_consultabasica_regiao.py]
consultabasica_regiao_controller -> consultabasica_region_controller [./app/tests/tests_controller_consultabasica_regiao.py]
Test_Regiao -> Test_Region [./app/tests/tests_controller_consultabasica_regiao.py]
Test_Regiao -> Test_Region [./app/tests/tests_controller_consultabasica_regiao.py]
Test_Regiao -> Test_Region [./app/tests/tests_controller_consultabasica_regiao.py]
test_consulta_por_regiao -> test_query_by_region [./app/tests/tests_controller_consultabasica_regiao.py]
consulta_por_regiao -> query_by_region [./app/tests/tests_controller_consultabasica_regiao.py]
test_consulta_municipios_na_regiao -> test_query_municipalities_in_the_region [./app/tests/tests_controller_consultabasica_regiao.py]
consulta_municipios_na_regiao -> query_municipalities_in_the_region [./app/tests/tests_controller_consultabasica_regiao.py]
test_consulta_ocorrencias_por_municipio -> test_query_occurrences_by_municipality [./app/tests/tests_controller_consultabasica_regiao.py]
consulta_ocorrencias_por_municipio -> query_occurrences_by_municipality [./app/tests/tests_controller_consultabasica_regiao.py]

---- File ./app/tests/tests_controller_estatistica_sexo.py
acidentes_em_rodovias_refatoracao -> accidents_on_highways_refactoring [./app/tests/tests_controller_estatistica_sexo.py]
estatisticas_envolvidos_controller -> Statistics_involved_controller [./app/tests/tests_controller_estatistica_sexo.py]
Test_Sexo -> Sex_Test [./app/tests/tests_controller_estatistica_sexo.py]
Test_Sexo -> Sex_Test [./app/tests/tests_controller_estatistica_sexo.py]
Test_Sexo -> Sex_Test [./app/tests/tests_controller_estatistica_sexo.py]
test_acidentes_sexo -> test_sex_accidents [./app/tests/tests_controller_estatistica_sexo.py]
acidentes_sexo -> Sex_accidents [./app/tests/tests_controller_estatistica_sexo.py]

---- File ./app/tests/__init__.py
tests_controller_index -> controller_index_tests [./app/tests/__init__.py]
tests_controller_consultabasica_periodo -> tests_consultabasica_contest_period [./app/tests/__init__.py]
tests_controller_estatisticas -> Statistics_controller_tests [./app/tests/__init__.py]
tests_controller_estatistica_tipocausa -> statistical_tests_controller_tipocausa [./app/tests/__init__.py]
tests_controller_estatistica_sexo -> statistical_tests_controller_sex [./app/tests/__init__.py]
tests_controller_estatistica_envolvidos -> controller_involved_statistical_tests [./app/tests/__init__.py]
tests_dao -> dao_tests [./app/tests/__init__.py]
tests_dao_municipio -> dao_tests_municipality [./app/tests/__init__.py]
tests_dao_UF -> UF_tests_dao [./app/tests/__init__.py]
tests_dao_ocorrencia -> tests_dao_occurrence [./app/tests/__init__.py]
tests_dao_causas_acidentes -> tests_dao_causes_accidents [./app/tests/__init__.py]
tests_dao_estatistica_pessoas -> statistical_tests_dao_people [./app/tests/__init__.py]
ft_estatisticas -> ft_Statistics [./app/tests/__init__.py]
tests_dao_tiposacidentes -> dao_tests_tiposacidentes [./app/tests/__init__.py]
tests_dao_envolvidosacidentes -> dao_tests_envolvidosacidentes [./app/tests/__init__.py]
tests_dao_br_acidentes -> en_dao_tests_accidents [./app/tests/__init__.py]
tests_dao_uf_acidentes -> dao_tests_uf_accidents [./app/tests/__init__.py]
tests_util_validacao -> a_validation_tests_useful [./app/tests/__init__.py]

---- File ./app/tests/tests_interface/interface_suite.py
tests_acidentes_rodovias_periodo -> tests_highways_accidents_period [./app/tests/tests_interface/interface_suite.py]
tests_acidentes_rodovias_regiao -> tests_highways_accidents_region [./app/tests/tests_interface/interface_suite.py]
suite_tests_interface -> suite_interface_tests [./app/tests/tests_interface/interface_suite.py]
suite_tests_interface -> suite_interface_tests [./app/tests/tests_interface/interface_suite.py]

---- File ./app/tests/tests_interface/tests_acidentes_rodovias_regiao.py
acidentes_rodovias -> road_accidents [./app/tests/tests_interface/tests_acidentes_rodovias_regiao.py]
test_pagetitle -> pagetitle_test [./app/tests/tests_interface/tests_acidentes_rodovias_regiao.py]
test_estados_select -> test_select_states [./app/tests/tests_interface/tests_acidentes_rodovias_regiao.py]
estados_list -> states_list [./app/tests/tests_interface/tests_acidentes_rodovias_regiao.py]
estados_list -> states_list [./app/tests/tests_interface/tests_acidentes_rodovias_regiao.py]
test_municipios_acre -> municipalities_acre_test [./app/tests/tests_interface/tests_acidentes_rodovias_regiao.py]
municipios_list -> counties_list [./app/tests/tests_interface/tests_acidentes_rodovias_regiao.py]
btn_submit -> submit_btn [./app/tests/tests_interface/tests_acidentes_rodovias_regiao.py]
municipio_nome -> municipality_name [./app/tests/tests_interface/tests_acidentes_rodovias_regiao.py]
municipio_nome -> municipality_name [./app/tests/tests_interface/tests_acidentes_rodovias_regiao.py]
municipios_list -> counties_list [./app/tests/tests_interface/tests_acidentes_rodovias_regiao.py]
test_ocorrencias_acrelandia -> test_occurrences_Acrelândia [./app/tests/tests_interface/tests_acidentes_rodovias_regiao.py]
municipio_excepected -> excepected_municipality [./app/tests/tests_interface/tests_acidentes_rodovias_regiao.py]
uf_excepected -> excepected_uf [./app/tests/tests_interface/tests_acidentes_rodovias_regiao.py]
br_test -> en_test [./app/tests/tests_interface/tests_acidentes_rodovias_regiao.py]
br_test -> en_test [./app/tests/tests_interface/tests_acidentes_rodovias_regiao.py]
municipio_test -> test_municipio [./app/tests/tests_interface/tests_acidentes_rodovias_regiao.py]
municipio_test -> test_municipio [./app/tests/tests_interface/tests_acidentes_rodovias_regiao.py]
municipio_excepected -> excepected_municipality [./app/tests/tests_interface/tests_acidentes_rodovias_regiao.py]
uf_excepected -> excepected_uf [./app/tests/tests_interface/tests_acidentes_rodovias_regiao.py]

---- File ./app/tests/tests_interface/tests_acidentes_rodovias_periodo.py
acidentes_rodovias -> road_accidents [./app/tests/tests_interface/tests_acidentes_rodovias_periodo.py]
test_pagetitle -> pagetitle_test [./app/tests/tests_interface/tests_acidentes_rodovias_periodo.py]
test_date_periodo_invalido -> test_date_period_invalid [./app/tests/tests_interface/tests_acidentes_rodovias_periodo.py]
campo_de -> field [./app/tests/tests_interface/tests_acidentes_rodovias_periodo.py]
campo_ate -> field_until [./app/tests/tests_interface/tests_acidentes_rodovias_periodo.py]
campo_de -> field [./app/tests/tests_interface/tests_acidentes_rodovias_periodo.py]
campo_ate -> field_until [./app/tests/tests_interface/tests_acidentes_rodovias_periodo.py]
btn_submit -> submit_btn [./app/tests/tests_interface/tests_acidentes_rodovias_periodo.py]
test_date_periodo_valido -> valid_test_date_period [./app/tests/tests_interface/tests_acidentes_rodovias_periodo.py]
campo_de -> field [./app/tests/tests_interface/tests_acidentes_rodovias_periodo.py]
campo_ate -> field_until [./app/tests/tests_interface/tests_acidentes_rodovias_periodo.py]
campo_de -> field [./app/tests/tests_interface/tests_acidentes_rodovias_periodo.py]
campo_ate -> field_until [./app/tests/tests_interface/tests_acidentes_rodovias_periodo.py]
btn_submit -> submit_btn [./app/tests/tests_interface/tests_acidentes_rodovias_periodo.py]
test_verifica_periodo -> test_verifies_period [./app/tests/tests_interface/tests_acidentes_rodovias_periodo.py]
campo_de -> field [./app/tests/tests_interface/tests_acidentes_rodovias_periodo.py]
campo_ate -> field_until [./app/tests/tests_interface/tests_acidentes_rodovias_periodo.py]
campo_de -> field [./app/tests/tests_interface/tests_acidentes_rodovias_periodo.py]
campo_ate -> field_until [./app/tests/tests_interface/tests_acidentes_rodovias_periodo.py]
btn_submit -> submit_btn [./app/tests/tests_interface/tests_acidentes_rodovias_periodo.py]
data_registro -> record_date [./app/tests/tests_interface/tests_acidentes_rodovias_periodo.py]
data_registro -> record_date [./app/tests/tests_interface/tests_acidentes_rodovias_periodo.py]
data_registro -> record_date [./app/tests/tests_interface/tests_acidentes_rodovias_periodo.py]
data_registro -> record_date [./app/tests/tests_interface/tests_acidentes_rodovias_periodo.py]
data_registro -> record_date [./app/tests/tests_interface/tests_acidentes_rodovias_periodo.py]
data_registro -> record_date [./app/tests/tests_interface/tests_acidentes_rodovias_periodo.py]
data_registro -> record_date [./app/tests/tests_interface/tests_acidentes_rodovias_periodo.py]
data_registro -> record_date [./app/tests/tests_interface/tests_acidentes_rodovias_periodo.py]
data_registro -> record_date [./app/tests/tests_interface/tests_acidentes_rodovias_periodo.py]

---- File ./app/exception/validation_exceptions.py

---- File ./app/exception/internal_exceptions.py

---- File ./app/exception/__init__.py
acidentes_em_rodovias_refatoracao -> accidents_on_highways_refactoring [./app/exception/__init__.py]

---- File ./app/models/ocorrencia_basica.py
acidentes_em_rodovias_refatoracao -> accidents_on_highways_refactoring [./app/models/ocorrencia_basica.py]

---- File ./app/models/uf.py
acidentes_em_rodovias_refatoracao -> accidents_on_highways_refactoring [./app/models/uf.py]

---- File ./app/models/envolvidos_acidentes.py
acidentes_em_rodovias_refatoracao -> accidents_on_highways_refactoring [./app/models/envolvidos_acidentes.py]
quantidade_envolvidos -> amount_involved [./app/models/envolvidos_acidentes.py]
quantidade_acidentes -> quantity_accidents [./app/models/envolvidos_acidentes.py]

---- File ./app/models/causas_acidentes.py
acidentes_em_rodovias_refatoracao -> accidents_on_highways_refactoring [./app/models/causas_acidentes.py]
quantidade_ocorrencias -> amount_occurrences [./app/models/causas_acidentes.py]
quantidade_ocorrencias_list -> amount_occurrences_list [./app/models/causas_acidentes.py]
ano_list -> year_list [./app/models/causas_acidentes.py]
probabilidade_por_limite_list -> probability_threshold_for_list [./app/models/causas_acidentes.py]

---- File ./app/models/uf_acidentes.py
acidentes_em_rodovias_refatoracao -> accidents_on_highways_refactoring [./app/models/uf_acidentes.py]
quantidade_ocorrencias -> amount_occurrences [./app/models/uf_acidentes.py]
quantidade_ocorrencias_list -> amount_occurrences_list [./app/models/uf_acidentes.py]
ano_list -> year_list [./app/models/uf_acidentes.py]

---- File ./app/models/municipio.py
acidentes_em_rodovias_refatoracao -> accidents_on_highways_refactoring [./app/models/municipio.py]

---- File ./app/models/br_acidentes.py
acidentes_em_rodovias_refatoracao -> accidents_on_highways_refactoring [./app/models/br_acidentes.py]
quantidade_ocorrencias -> amount_occurrences [./app/models/br_acidentes.py]
quantidade_ocorrencias_list -> amount_occurrences_list [./app/models/br_acidentes.py]
ano_list -> year_list [./app/models/br_acidentes.py]

---- File ./app/models/__init__.py

---- File ./app/models/pessoas_acidentes.py
acidentes_em_rodovias_refatoracao -> accidents_on_highways_refactoring [./app/models/pessoas_acidentes.py]

---- File ./app/models/dao/uf_dao.py
acidentes_em_rodovias_refatoracao -> accidents_on_highways_refactoring [./app/models/dao/uf_dao.py]
generico_dao -> Generic_Dao [./app/models/dao/uf_dao.py]
lista_ufs -> ufs_list [./app/models/dao/uf_dao.py]
transforma_dicionario_em_objetos -> turns_dictionary_objects [./app/models/dao/uf_dao.py]
executa_query -> performs_query [./app/models/dao/uf_dao.py]

---- File ./app/models/dao/br_acidentes_dao.py
acidentes_em_rodovias_refatoracao -> accidents_on_highways_refactoring [./app/models/dao/br_acidentes_dao.py]
generico_dao -> Generic_Dao [./app/models/dao/br_acidentes_dao.py]
br_acidentes -> br_accidents [./app/models/dao/br_acidentes_dao.py]
acidentes_br_geral -> Overall_accidents_en [./app/models/dao/br_acidentes_dao.py]
quantidade_ocorrencias -> amount_occurrences [./app/models/dao/br_acidentes_dao.py]
quantidade_ocorrencias -> amount_occurrences [./app/models/dao/br_acidentes_dao.py]
estatisticas_br -> Statistics_en [./app/models/dao/br_acidentes_dao.py]
quantidade_ocorrencias -> amount_occurrences [./app/models/dao/br_acidentes_dao.py]
transforma_dicionario_em_objetos -> turns_dictionary_objects [./app/models/dao/br_acidentes_dao.py]
executa_query -> performs_query [./app/models/dao/br_acidentes_dao.py]
br_acidentes -> br_accidents [./app/models/dao/br_acidentes_dao.py]
acidentes_br_ano -> accidents_br_year [./app/models/dao/br_acidentes_dao.py]
resultado_query -> query_result [./app/models/dao/br_acidentes_dao.py]
ultima_br -> Last_br [./app/models/dao/br_acidentes_dao.py]
br_acidentes_ano_list -> br_accident_year_list [./app/models/dao/br_acidentes_dao.py]
brs_acidentes_ano -> brs_accident_year [./app/models/dao/br_acidentes_dao.py]
quantidade_ocorrencias -> amount_occurrences [./app/models/dao/br_acidentes_dao.py]
estatisticas_br -> Statistics_en [./app/models/dao/br_acidentes_dao.py]
resultado_query -> query_result [./app/models/dao/br_acidentes_dao.py]
executa_query -> performs_query [./app/models/dao/br_acidentes_dao.py]
br_acidentes_ano_list -> br_accident_year_list [./app/models/dao/br_acidentes_dao.py]
ultima_br -> Last_br [./app/models/dao/br_acidentes_dao.py]
quantidade_ocorrencias -> amount_occurrences [./app/models/dao/br_acidentes_dao.py]
resultado_query -> query_result [./app/models/dao/br_acidentes_dao.py]
resultado_query -> query_result [./app/models/dao/br_acidentes_dao.py]
quantidade_ocorrencias -> amount_occurrences [./app/models/dao/br_acidentes_dao.py]
resultado_query -> query_result [./app/models/dao/br_acidentes_dao.py]
ultima_br -> Last_br [./app/models/dao/br_acidentes_dao.py]
brs_acidentes_ano -> brs_accident_year [./app/models/dao/br_acidentes_dao.py]
br_acidentes_ano_list -> br_accident_year_list [./app/models/dao/br_acidentes_dao.py]
brs_acidentes_ano -> brs_accident_year [./app/models/dao/br_acidentes_dao.py]
brs_acidentes_ano -> brs_accident_year [./app/models/dao/br_acidentes_dao.py]
ultima_br -> Last_br [./app/models/dao/br_acidentes_dao.py]
brs_acidentes_ano -> brs_accident_year [./app/models/dao/br_acidentes_dao.py]
ano_list -> year_list [./app/models/dao/br_acidentes_dao.py]
brs_acidentes_ano -> brs_accident_year [./app/models/dao/br_acidentes_dao.py]
quantidade_ocorrencias_list -> amount_occurrences_list [./app/models/dao/br_acidentes_dao.py]
quantidade_ocorrencias -> amount_occurrences [./app/models/dao/br_acidentes_dao.py]
br_acidentes_ano_list -> br_accident_year_list [./app/models/dao/br_acidentes_dao.py]

---- File ./app/models/dao/pessoas_acidentes_dao.py
acidentes_em_rodovias_refatoracao -> accidents_on_highways_refactoring [./app/models/dao/pessoas_acidentes_dao.py]
generico_dao -> Generic_Dao [./app/models/dao/pessoas_acidentes_dao.py]
acidentes_por_sexo_e_ano -> accidents_by_sex_and_year [./app/models/dao/pessoas_acidentes_dao.py]
acidentes_por_sexo -> accidents_by_sex [./app/models/dao/pessoas_acidentes_dao.py]
transforma_dicionario_em_objetos -> turns_dictionary_objects [./app/models/dao/pessoas_acidentes_dao.py]
executa_query -> performs_query [./app/models/dao/pessoas_acidentes_dao.py]
pessoas_acidentes -> people_accidents [./app/models/dao/pessoas_acidentes_dao.py]
acidentes_por_sexo_geral -> accidents_overall_sex [./app/models/dao/pessoas_acidentes_dao.py]
acidentes_por_sexo -> accidents_by_sex [./app/models/dao/pessoas_acidentes_dao.py]
transforma_dicionario_em_objetos -> turns_dictionary_objects [./app/models/dao/pessoas_acidentes_dao.py]
executa_query -> performs_query [./app/models/dao/pessoas_acidentes_dao.py]
pessoas_acidentes -> people_accidents [./app/models/dao/pessoas_acidentes_dao.py]

---- File ./app/models/dao/uf_acidentes_dao.py
acidentes_em_rodovias_refatoracao -> accidents_on_highways_refactoring [./app/models/dao/uf_acidentes_dao.py]
generico_dao -> Generic_Dao [./app/models/dao/uf_acidentes_dao.py]
uf_acidentes -> uf_accidents [./app/models/dao/uf_acidentes_dao.py]
coordenadas_capitais -> capital_coordinates [./app/models/dao/uf_acidentes_dao.py]
acidentes_uf_geral -> Overall_uf_accidents [./app/models/dao/uf_acidentes_dao.py]
resultado_query -> query_result [./app/models/dao/uf_acidentes_dao.py]
uf_acidentes_list -> uf_accidents_list [./app/models/dao/uf_acidentes_dao.py]
uf_acidentes -> uf_accidents [./app/models/dao/uf_acidentes_dao.py]
quantidade_ocorrencias -> amount_occurrences [./app/models/dao/uf_acidentes_dao.py]
quantidade_ocorrencias -> amount_occurrences [./app/models/dao/uf_acidentes_dao.py]
estatisticas_uf -> uf_Statistics [./app/models/dao/uf_acidentes_dao.py]
quantidade_ocorrencias -> amount_occurrences [./app/models/dao/uf_acidentes_dao.py]
resultado_query -> query_result [./app/models/dao/uf_acidentes_dao.py]
executa_query -> performs_query [./app/models/dao/uf_acidentes_dao.py]
uf_acidentes_list -> uf_accidents_list [./app/models/dao/uf_acidentes_dao.py]
quantidade_ocorrencias -> amount_occurrences [./app/models/dao/uf_acidentes_dao.py]
resultado_query -> query_result [./app/models/dao/uf_acidentes_dao.py]
resultado_query -> query_result [./app/models/dao/uf_acidentes_dao.py]
quantidade_ocorrencias -> amount_occurrences [./app/models/dao/uf_acidentes_dao.py]
uf_acidentes -> uf_accidents [./app/models/dao/uf_acidentes_dao.py]
uf_acidentes -> uf_accidents [./app/models/dao/uf_acidentes_dao.py]
uf_acidentes -> uf_accidents [./app/models/dao/uf_acidentes_dao.py]
coordenadas_capitais -> capital_coordinates [./app/models/dao/uf_acidentes_dao.py]
uf_acidentes -> uf_accidents [./app/models/dao/uf_acidentes_dao.py]
coordenadas_capitais -> capital_coordinates [./app/models/dao/uf_acidentes_dao.py]
uf_acidentes -> uf_accidents [./app/models/dao/uf_acidentes_dao.py]
quantidade_ocorrencias -> amount_occurrences [./app/models/dao/uf_acidentes_dao.py]
quantidade_ocorrencias -> amount_occurrences [./app/models/dao/uf_acidentes_dao.py]
uf_acidentes_list -> uf_accidents_list [./app/models/dao/uf_acidentes_dao.py]
uf_acidentes -> uf_accidents [./app/models/dao/uf_acidentes_dao.py]
uf_acidentes_list -> uf_accidents_list [./app/models/dao/uf_acidentes_dao.py]
acidentes_uf_ano -> uf_accident_year [./app/models/dao/uf_acidentes_dao.py]
resultado_query -> query_result [./app/models/dao/uf_acidentes_dao.py]
ufs_acidentes_ano -> ufs_accident_year [./app/models/dao/uf_acidentes_dao.py]
uf_acidentes_ano_list -> uf_accident_year_list [./app/models/dao/uf_acidentes_dao.py]
ultima_uf -> Last_uf [./app/models/dao/uf_acidentes_dao.py]
uf_mais_acidentes -> uf_more_accidents [./app/models/dao/uf_acidentes_dao.py]
uf_sigla -> Acronym_uf [./app/models/dao/uf_acidentes_dao.py]
quantidade_ocorrencias -> amount_occurrences [./app/models/dao/uf_acidentes_dao.py]
estatisticas_uf -> uf_Statistics [./app/models/dao/uf_acidentes_dao.py]
resultado_query -> query_result [./app/models/dao/uf_acidentes_dao.py]
executa_query -> performs_query [./app/models/dao/uf_acidentes_dao.py]
uf_acidentes_ano_list -> uf_accident_year_list [./app/models/dao/uf_acidentes_dao.py]
ultima_uf -> Last_uf [./app/models/dao/uf_acidentes_dao.py]
ufs_mais_acidentes -> ufs_more_accidents [./app/models/dao/uf_acidentes_dao.py]
acidentes_uf_geral -> Overall_uf_accidents [./app/models/dao/uf_acidentes_dao.py]
ufs_mais_acidentes -> ufs_more_accidents [./app/models/dao/uf_acidentes_dao.py]
uf_sigla -> Acronym_uf [./app/models/dao/uf_acidentes_dao.py]
quantidade_ocorrencias -> amount_occurrences [./app/models/dao/uf_acidentes_dao.py]
resultado_query -> query_result [./app/models/dao/uf_acidentes_dao.py]
resultado_query -> query_result [./app/models/dao/uf_acidentes_dao.py]
uf_sigla -> Acronym_uf [./app/models/dao/uf_acidentes_dao.py]
resultado_query -> query_result [./app/models/dao/uf_acidentes_dao.py]
quantidade_ocorrencias -> amount_occurrences [./app/models/dao/uf_acidentes_dao.py]
resultado_query -> query_result [./app/models/dao/uf_acidentes_dao.py]
uf_sigla -> Acronym_uf [./app/models/dao/uf_acidentes_dao.py]
ufs_mais_acidentes -> ufs_more_accidents [./app/models/dao/uf_acidentes_dao.py]
ultima_uf -> Last_uf [./app/models/dao/uf_acidentes_dao.py]
ufs_acidentes_ano -> ufs_accident_year [./app/models/dao/uf_acidentes_dao.py]
uf_acidentes_ano_list -> uf_accident_year_list [./app/models/dao/uf_acidentes_dao.py]
ufs_acidentes_ano -> ufs_accident_year [./app/models/dao/uf_acidentes_dao.py]
ufs_acidentes_ano -> ufs_accident_year [./app/models/dao/uf_acidentes_dao.py]
ultima_uf -> Last_uf [./app/models/dao/uf_acidentes_dao.py]
ufs_acidentes_ano -> ufs_accident_year [./app/models/dao/uf_acidentes_dao.py]
ano_list -> year_list [./app/models/dao/uf_acidentes_dao.py]
ufs_acidentes_ano -> ufs_accident_year [./app/models/dao/uf_acidentes_dao.py]
quantidade_ocorrencias_list -> amount_occurrences_list [./app/models/dao/uf_acidentes_dao.py]
quantidade_ocorrencias -> amount_occurrences [./app/models/dao/uf_acidentes_dao.py]
uf_acidentes_ano_list -> uf_accident_year_list [./app/models/dao/uf_acidentes_dao.py]

---- File ./app/models/dao/causas_acidentes_dao.py
acidentes_em_rodovias_refatoracao -> accidents_on_highways_refactoring [./app/models/dao/causas_acidentes_dao.py]
generico_dao -> Generic_Dao [./app/models/dao/causas_acidentes_dao.py]
causas_acidentes -> causes_accidents [./app/models/dao/causas_acidentes_dao.py]
estatisticas_util -> Useful_Statistics [./app/models/dao/causas_acidentes_dao.py]
causas_acidentes -> causes_accidents [./app/models/dao/causas_acidentes_dao.py]
quantidade_ocorrencias -> amount_occurrences [./app/models/dao/causas_acidentes_dao.py]
quantidade_ocorrencias -> amount_occurrences [./app/models/dao/causas_acidentes_dao.py]
estatisticas_causa -> Statistics_question [./app/models/dao/causas_acidentes_dao.py]
quantidade_ocorrencias -> amount_occurrences [./app/models/dao/causas_acidentes_dao.py]
transforma_dicionario_em_objetos -> turns_dictionary_objects [./app/models/dao/causas_acidentes_dao.py]
executa_query -> performs_query [./app/models/dao/causas_acidentes_dao.py]
causas_acidentes -> causes_accidents [./app/models/dao/causas_acidentes_dao.py]
causas_acidentes_ano -> causes_accident_year [./app/models/dao/causas_acidentes_dao.py]
resultado_query -> query_result [./app/models/dao/causas_acidentes_dao.py]
causas_acidentes_ano_list -> causes_accidents_year_list [./app/models/dao/causas_acidentes_dao.py]
ultimo_causa -> last_issue [./app/models/dao/causas_acidentes_dao.py]
causas_acidentes_ano -> causes_accident_year [./app/models/dao/causas_acidentes_dao.py]
quantidade_ocorrencias -> amount_occurrences [./app/models/dao/causas_acidentes_dao.py]
estatisticas_causa -> Statistics_question [./app/models/dao/causas_acidentes_dao.py]
resultado_query -> query_result [./app/models/dao/causas_acidentes_dao.py]
executa_query -> performs_query [./app/models/dao/causas_acidentes_dao.py]
causas_acidentes_ano_list -> causes_accidents_year_list [./app/models/dao/causas_acidentes_dao.py]
ultimo_causa -> last_issue [./app/models/dao/causas_acidentes_dao.py]
quantidade_ocorrencias -> amount_occurrences [./app/models/dao/causas_acidentes_dao.py]
resultado_query -> query_result [./app/models/dao/causas_acidentes_dao.py]
resultado_query -> query_result [./app/models/dao/causas_acidentes_dao.py]
quantidade_ocorrencias -> amount_occurrences [./app/models/dao/causas_acidentes_dao.py]
resultado_query -> query_result [./app/models/dao/causas_acidentes_dao.py]
ultimo_causa -> last_issue [./app/models/dao/causas_acidentes_dao.py]
causas_acidentes_ano -> causes_accident_year [./app/models/dao/causas_acidentes_dao.py]
causas_acidentes_ano_list -> causes_accidents_year_list [./app/models/dao/causas_acidentes_dao.py]
causas_acidentes_ano -> causes_accident_year [./app/models/dao/causas_acidentes_dao.py]
causas_acidentes_ano -> causes_accident_year [./app/models/dao/causas_acidentes_dao.py]
ultimo_causa -> last_issue [./app/models/dao/causas_acidentes_dao.py]
causas_acidentes_ano -> causes_accident_year [./app/models/dao/causas_acidentes_dao.py]
ano_list -> year_list [./app/models/dao/causas_acidentes_dao.py]
causas_acidentes_ano -> causes_accident_year [./app/models/dao/causas_acidentes_dao.py]
quantidade_ocorrencias_list -> amount_occurrences_list [./app/models/dao/causas_acidentes_dao.py]
quantidade_ocorrencias -> amount_occurrences [./app/models/dao/causas_acidentes_dao.py]
causas_acidentes_ano_list -> causes_accidents_year_list [./app/models/dao/causas_acidentes_dao.py]
probabilidade_causas_acidentes -> likely_causes_accidents [./app/models/dao/causas_acidentes_dao.py]
medias_list -> averages_list [./app/models/dao/causas_acidentes_dao.py]
desvios_padroes_list -> deviations_standards_list [./app/models/dao/causas_acidentes_dao.py]
probabilidade_causas_acidentes_list -> likely_causes_accidents_list [./app/models/dao/causas_acidentes_dao.py]
prob_causa_acidentes -> prob_cause_accidents [./app/models/dao/causas_acidentes_dao.py]
quantidade_ocorrencias -> amount_occurrences [./app/models/dao/causas_acidentes_dao.py]
estatisticas_causa -> Statistics_question [./app/models/dao/causas_acidentes_dao.py]
executa_query -> performs_query [./app/models/dao/causas_acidentes_dao.py]
get_data_frame -> get_frame_data [./app/models/dao/causas_acidentes_dao.py]
medias_list -> averages_list [./app/models/dao/causas_acidentes_dao.py]
quantidade_ocorrencias -> amount_occurrences [./app/models/dao/causas_acidentes_dao.py]
desvios_padroes_list -> deviations_standards_list [./app/models/dao/causas_acidentes_dao.py]
quantidade_ocorrencias -> amount_occurrences [./app/models/dao/causas_acidentes_dao.py]
probabilidade_causas_acidentes_list -> likely_causes_accidents_list [./app/models/dao/causas_acidentes_dao.py]
medias_list -> averages_list [./app/models/dao/causas_acidentes_dao.py]
prob_causa_acidentes -> prob_cause_accidents [./app/models/dao/causas_acidentes_dao.py]
prob_causa_acidentes -> prob_cause_accidents [./app/models/dao/causas_acidentes_dao.py]
medias_list -> averages_list [./app/models/dao/causas_acidentes_dao.py]
medias_list -> averages_list [./app/models/dao/causas_acidentes_dao.py]
medias_list -> averages_list [./app/models/dao/causas_acidentes_dao.py]
prob_causa_acidentes -> prob_cause_accidents [./app/models/dao/causas_acidentes_dao.py]
probabilidade_por_limite_list -> probability_threshold_for_list [./app/models/dao/causas_acidentes_dao.py]
distribuicao_normal -> Normal_distribution [./app/models/dao/causas_acidentes_dao.py]
medias_list -> averages_list [./app/models/dao/causas_acidentes_dao.py]
desvios_padroes_list -> deviations_standards_list [./app/models/dao/causas_acidentes_dao.py]
distribuicao_normal -> Normal_distribution [./app/models/dao/causas_acidentes_dao.py]
medias_list -> averages_list [./app/models/dao/causas_acidentes_dao.py]
desvios_padroes_list -> deviations_standards_list [./app/models/dao/causas_acidentes_dao.py]
medias_list -> averages_list [./app/models/dao/causas_acidentes_dao.py]
prob_causa_acidentes -> prob_cause_accidents [./app/models/dao/causas_acidentes_dao.py]
probabilidade_por_limite_list -> probability_threshold_for_list [./app/models/dao/causas_acidentes_dao.py]
distribuicao_normal -> Normal_distribution [./app/models/dao/causas_acidentes_dao.py]
medias_list -> averages_list [./app/models/dao/causas_acidentes_dao.py]
desvios_padroes_list -> deviations_standards_list [./app/models/dao/causas_acidentes_dao.py]
distribuicao_normal -> Normal_distribution [./app/models/dao/causas_acidentes_dao.py]
medias_list -> averages_list [./app/models/dao/causas_acidentes_dao.py]
desvios_padroes_list -> deviations_standards_list [./app/models/dao/causas_acidentes_dao.py]
medias_list -> averages_list [./app/models/dao/causas_acidentes_dao.py]
prob_causa_acidentes -> prob_cause_accidents [./app/models/dao/causas_acidentes_dao.py]
probabilidade_por_limite_list -> probability_threshold_for_list [./app/models/dao/causas_acidentes_dao.py]
distribuicao_normal -> Normal_distribution [./app/models/dao/causas_acidentes_dao.py]
medias_list -> averages_list [./app/models/dao/causas_acidentes_dao.py]
desvios_padroes_list -> deviations_standards_list [./app/models/dao/causas_acidentes_dao.py]
distribuicao_normal -> Normal_distribution [./app/models/dao/causas_acidentes_dao.py]
medias_list -> averages_list [./app/models/dao/causas_acidentes_dao.py]
desvios_padroes_list -> deviations_standards_list [./app/models/dao/causas_acidentes_dao.py]
probabilidade_causas_acidentes_list -> likely_causes_accidents_list [./app/models/dao/causas_acidentes_dao.py]
prob_causa_acidentes -> prob_cause_accidents [./app/models/dao/causas_acidentes_dao.py]
probabilidade_causas_acidentes_list -> likely_causes_accidents_list [./app/models/dao/causas_acidentes_dao.py]
media_desvio_causas_acidentes -> deviation_causes_accidents [./app/models/dao/causas_acidentes_dao.py]
medias_list -> averages_list [./app/models/dao/causas_acidentes_dao.py]
desvios_padroes_list -> deviations_standards_list [./app/models/dao/causas_acidentes_dao.py]
media_desvio_causas_acidentes_list -> deviation_causes_accidents_list [./app/models/dao/causas_acidentes_dao.py]
quantidade_ocorrencias -> amount_occurrences [./app/models/dao/causas_acidentes_dao.py]
estatisticas_causa -> Statistics_question [./app/models/dao/causas_acidentes_dao.py]
executa_query -> performs_query [./app/models/dao/causas_acidentes_dao.py]
get_data_frame -> get_frame_data [./app/models/dao/causas_acidentes_dao.py]
medias_list -> averages_list [./app/models/dao/causas_acidentes_dao.py]
quantidade_ocorrencias -> amount_occurrences [./app/models/dao/causas_acidentes_dao.py]
desvios_padroes_list -> deviations_standards_list [./app/models/dao/causas_acidentes_dao.py]
quantidade_ocorrencias -> amount_occurrences [./app/models/dao/causas_acidentes_dao.py]
media_desvio_causas_acidentes_list -> deviation_causes_accidents_list [./app/models/dao/causas_acidentes_dao.py]
medias_list -> averages_list [./app/models/dao/causas_acidentes_dao.py]
media_desvio_causas_acidentes -> deviation_causes_accidents [./app/models/dao/causas_acidentes_dao.py]
media_desvio_causas_acidentes -> deviation_causes_accidents [./app/models/dao/causas_acidentes_dao.py]
medias_list -> averages_list [./app/models/dao/causas_acidentes_dao.py]
media_desvio_causas_acidentes -> deviation_causes_accidents [./app/models/dao/causas_acidentes_dao.py]
desvios_padroes_list -> deviations_standards_list [./app/models/dao/causas_acidentes_dao.py]
media_desvio_causas_acidentes_list -> deviation_causes_accidents_list [./app/models/dao/causas_acidentes_dao.py]
media_desvio_causas_acidentes -> deviation_causes_accidents [./app/models/dao/causas_acidentes_dao.py]
media_desvio_causas_acidentes_list -> deviation_causes_accidents_list [./app/models/dao/causas_acidentes_dao.py]

---- File ./app/models/dao/ocorrencia_basica_dao.py
acidentes_em_rodovias_refatoracao -> accidents_on_highways_refactoring [./app/models/dao/ocorrencia_basica_dao.py]
generico_dao -> Generic_Dao [./app/models/dao/ocorrencia_basica_dao.py]
ocorrencia_basica -> basic_occurrence [./app/models/dao/ocorrencia_basica_dao.py]
lista_ocorrencias_por_regiao -> occurrences_list_by_region [./app/models/dao/ocorrencia_basica_dao.py]
transforma_dicionario_em_objetos -> turns_dictionary_objects [./app/models/dao/ocorrencia_basica_dao.py]
executa_query -> performs_query [./app/models/dao/ocorrencia_basica_dao.py]
ocorrencia_basica -> basic_occurrence [./app/models/dao/ocorrencia_basica_dao.py]
lista_ocorrencias_por_periodo -> occurrences_list_by_period [./app/models/dao/ocorrencia_basica_dao.py]
data_inicio -> start_date [./app/models/dao/ocorrencia_basica_dao.py]
data_fim -> date_order [./app/models/dao/ocorrencia_basica_dao.py]
data_inicio -> start_date [./app/models/dao/ocorrencia_basica_dao.py]
data_fim -> date_order [./app/models/dao/ocorrencia_basica_dao.py]
data_inicio -> start_date [./app/models/dao/ocorrencia_basica_dao.py]
data_inicio -> start_date [./app/models/dao/ocorrencia_basica_dao.py]
data_fim -> date_order [./app/models/dao/ocorrencia_basica_dao.py]
data_fim -> date_order [./app/models/dao/ocorrencia_basica_dao.py]
data_inicio -> start_date [./app/models/dao/ocorrencia_basica_dao.py]
data_fim -> date_order [./app/models/dao/ocorrencia_basica_dao.py]
transforma_dicionario_em_objetos -> turns_dictionary_objects [./app/models/dao/ocorrencia_basica_dao.py]
executa_query -> performs_query [./app/models/dao/ocorrencia_basica_dao.py]
ocorrencia_basica -> basic_occurrence [./app/models/dao/ocorrencia_basica_dao.py]

---- File ./app/models/dao/tipos_acidentes_dao.py
acidentes_em_rodovias_refatoracao -> accidents_on_highways_refactoring [./app/models/dao/tipos_acidentes_dao.py]
generico_dao -> Generic_Dao [./app/models/dao/tipos_acidentes_dao.py]
causas_acidentes -> causes_accidents [./app/models/dao/tipos_acidentes_dao.py]
estatisticas_util -> Useful_Statistics [./app/models/dao/tipos_acidentes_dao.py]
tipos_acidentes -> types_accidents [./app/models/dao/tipos_acidentes_dao.py]
quantidade_ocorrencias -> amount_occurrences [./app/models/dao/tipos_acidentes_dao.py]
quantidade_ocorrencias -> amount_occurrences [./app/models/dao/tipos_acidentes_dao.py]
estatisticas_tipo -> Statistics_type [./app/models/dao/tipos_acidentes_dao.py]
quantidade_ocorrencias -> amount_occurrences [./app/models/dao/tipos_acidentes_dao.py]
transforma_dicionario_em_objetos -> turns_dictionary_objects [./app/models/dao/tipos_acidentes_dao.py]
executa_query -> performs_query [./app/models/dao/tipos_acidentes_dao.py]
causas_acidentes -> causes_accidents [./app/models/dao/tipos_acidentes_dao.py]
tipos_acidentes_ano -> types_accidents_year [./app/models/dao/tipos_acidentes_dao.py]
resultado_query -> query_result [./app/models/dao/tipos_acidentes_dao.py]
tipos_acidentes_ano_list -> types_accidents_the_year_list [./app/models/dao/tipos_acidentes_dao.py]
ultimo_tipo -> latter_kind [./app/models/dao/tipos_acidentes_dao.py]
quantidade_ocorrencias -> amount_occurrences [./app/models/dao/tipos_acidentes_dao.py]
estatisticas_tipo -> Statistics_type [./app/models/dao/tipos_acidentes_dao.py]
resultado_query -> query_result [./app/models/dao/tipos_acidentes_dao.py]
executa_query -> performs_query [./app/models/dao/tipos_acidentes_dao.py]
tipos_acidentes_ano_list -> types_accidents_the_year_list [./app/models/dao/tipos_acidentes_dao.py]
ultimo_tipo -> latter_kind [./app/models/dao/tipos_acidentes_dao.py]
quantidade_ocorrencias -> amount_occurrences [./app/models/dao/tipos_acidentes_dao.py]
resultado_query -> query_result [./app/models/dao/tipos_acidentes_dao.py]
resultado_query -> query_result [./app/models/dao/tipos_acidentes_dao.py]
quantidade_ocorrencias -> amount_occurrences [./app/models/dao/tipos_acidentes_dao.py]
resultado_query -> query_result [./app/models/dao/tipos_acidentes_dao.py]
ultimo_tipo -> latter_kind [./app/models/dao/tipos_acidentes_dao.py]
tipos_acidentes_ano -> types_accidents_year [./app/models/dao/tipos_acidentes_dao.py]
tipos_acidentes_ano_list -> types_accidents_the_year_list [./app/models/dao/tipos_acidentes_dao.py]
tipos_acidentes_ano -> types_accidents_year [./app/models/dao/tipos_acidentes_dao.py]
tipos_acidentes_ano -> types_accidents_year [./app/models/dao/tipos_acidentes_dao.py]
ultimo_tipo -> latter_kind [./app/models/dao/tipos_acidentes_dao.py]
tipos_acidentes_ano -> types_accidents_year [./app/models/dao/tipos_acidentes_dao.py]
ano_list -> year_list [./app/models/dao/tipos_acidentes_dao.py]
tipos_acidentes_ano -> types_accidents_year [./app/models/dao/tipos_acidentes_dao.py]
quantidade_ocorrencias_list -> amount_occurrences_list [./app/models/dao/tipos_acidentes_dao.py]
quantidade_ocorrencias -> amount_occurrences [./app/models/dao/tipos_acidentes_dao.py]
tipos_acidentes_ano_list -> types_accidents_the_year_list [./app/models/dao/tipos_acidentes_dao.py]
probabilidade_tipos_acidentes -> likely_types_accidents [./app/models/dao/tipos_acidentes_dao.py]
medias_list -> averages_list [./app/models/dao/tipos_acidentes_dao.py]
desvios_padroes_list -> deviations_standards_list [./app/models/dao/tipos_acidentes_dao.py]
probabilidade_tipo_list -> probability_type_list [./app/models/dao/tipos_acidentes_dao.py]
probabilidade_tipo -> likelihood_type [./app/models/dao/tipos_acidentes_dao.py]
probabilidade_tipo -> likelihood_type [./app/models/dao/tipos_acidentes_dao.py]
distribuicao_normal -> Normal_distribution [./app/models/dao/tipos_acidentes_dao.py]
quantidade_ocorrencias -> amount_occurrences [./app/models/dao/tipos_acidentes_dao.py]
estatisticas_tipo -> Statistics_type [./app/models/dao/tipos_acidentes_dao.py]
executa_query -> performs_query [./app/models/dao/tipos_acidentes_dao.py]
get_data_frame -> get_frame_data [./app/models/dao/tipos_acidentes_dao.py]
medias_list -> averages_list [./app/models/dao/tipos_acidentes_dao.py]
quantidade_ocorrencias -> amount_occurrences [./app/models/dao/tipos_acidentes_dao.py]
desvios_padroes_list -> deviations_standards_list [./app/models/dao/tipos_acidentes_dao.py]
quantidade_ocorrencias -> amount_occurrences [./app/models/dao/tipos_acidentes_dao.py]
probabilidade_tipo_list -> probability_type_list [./app/models/dao/tipos_acidentes_dao.py]
medias_list -> averages_list [./app/models/dao/tipos_acidentes_dao.py]
probabilidade_tipo -> likelihood_type [./app/models/dao/tipos_acidentes_dao.py]
probabilidade_tipo -> likelihood_type [./app/models/dao/tipos_acidentes_dao.py]
medias_list -> averages_list [./app/models/dao/tipos_acidentes_dao.py]
medias_list -> averages_list [./app/models/dao/tipos_acidentes_dao.py]
medias_list -> averages_list [./app/models/dao/tipos_acidentes_dao.py]
probabilidade_tipo -> likelihood_type [./app/models/dao/tipos_acidentes_dao.py]
probabilidade_por_limite_list -> probability_threshold_for_list [./app/models/dao/tipos_acidentes_dao.py]
distribuicao_normal -> Normal_distribution [./app/models/dao/tipos_acidentes_dao.py]
medias_list -> averages_list [./app/models/dao/tipos_acidentes_dao.py]
desvios_padroes_list -> deviations_standards_list [./app/models/dao/tipos_acidentes_dao.py]
distribuicao_normal -> Normal_distribution [./app/models/dao/tipos_acidentes_dao.py]
medias_list -> averages_list [./app/models/dao/tipos_acidentes_dao.py]
desvios_padroes_list -> deviations_standards_list [./app/models/dao/tipos_acidentes_dao.py]
medias_list -> averages_list [./app/models/dao/tipos_acidentes_dao.py]
probabilidade_tipo -> likelihood_type [./app/models/dao/tipos_acidentes_dao.py]
probabilidade_por_limite_list -> probability_threshold_for_list [./app/models/dao/tipos_acidentes_dao.py]
distribuicao_normal -> Normal_distribution [./app/models/dao/tipos_acidentes_dao.py]
medias_list -> averages_list [./app/models/dao/tipos_acidentes_dao.py]
desvios_padroes_list -> deviations_standards_list [./app/models/dao/tipos_acidentes_dao.py]
distribuicao_normal -> Normal_distribution [./app/models/dao/tipos_acidentes_dao.py]
medias_list -> averages_list [./app/models/dao/tipos_acidentes_dao.py]
desvios_padroes_list -> deviations_standards_list [./app/models/dao/tipos_acidentes_dao.py]
medias_list -> averages_list [./app/models/dao/tipos_acidentes_dao.py]
probabilidade_tipo -> likelihood_type [./app/models/dao/tipos_acidentes_dao.py]
probabilidade_por_limite_list -> probability_threshold_for_list [./app/models/dao/tipos_acidentes_dao.py]
distribuicao_normal -> Normal_distribution [./app/models/dao/tipos_acidentes_dao.py]
medias_list -> averages_list [./app/models/dao/tipos_acidentes_dao.py]
desvios_padroes_list -> deviations_standards_list [./app/models/dao/tipos_acidentes_dao.py]
distribuicao_normal -> Normal_distribution [./app/models/dao/tipos_acidentes_dao.py]
medias_list -> averages_list [./app/models/dao/tipos_acidentes_dao.py]
desvios_padroes_list -> deviations_standards_list [./app/models/dao/tipos_acidentes_dao.py]
probabilidade_tipo_list -> probability_type_list [./app/models/dao/tipos_acidentes_dao.py]
probabilidade_tipo -> likelihood_type [./app/models/dao/tipos_acidentes_dao.py]
probabilidade_tipo_list -> probability_type_list [./app/models/dao/tipos_acidentes_dao.py]
media_desvio_tipos_acidentes -> deviation_types_accidents [./app/models/dao/tipos_acidentes_dao.py]
medias_list -> averages_list [./app/models/dao/tipos_acidentes_dao.py]
desvios_padroes_list -> deviations_standards_list [./app/models/dao/tipos_acidentes_dao.py]
media_desvio_tipos_acidentes_list -> deviation_types_accidents_list [./app/models/dao/tipos_acidentes_dao.py]
quantidade_ocorrencias -> amount_occurrences [./app/models/dao/tipos_acidentes_dao.py]
estatisticas_tipo -> Statistics_type [./app/models/dao/tipos_acidentes_dao.py]
executa_query -> performs_query [./app/models/dao/tipos_acidentes_dao.py]
get_data_frame -> get_frame_data [./app/models/dao/tipos_acidentes_dao.py]
medias_list -> averages_list [./app/models/dao/tipos_acidentes_dao.py]
quantidade_ocorrencias -> amount_occurrences [./app/models/dao/tipos_acidentes_dao.py]
desvios_padroes_list -> deviations_standards_list [./app/models/dao/tipos_acidentes_dao.py]
quantidade_ocorrencias -> amount_occurrences [./app/models/dao/tipos_acidentes_dao.py]
media_desvio_tipos_acidentes_list -> deviation_types_accidents_list [./app/models/dao/tipos_acidentes_dao.py]
medias_list -> averages_list [./app/models/dao/tipos_acidentes_dao.py]
media_desvio_tipos_acidentes -> deviation_types_accidents [./app/models/dao/tipos_acidentes_dao.py]
media_desvio_tipos_acidentes -> deviation_types_accidents [./app/models/dao/tipos_acidentes_dao.py]
medias_list -> averages_list [./app/models/dao/tipos_acidentes_dao.py]
media_desvio_tipos_acidentes -> deviation_types_accidents [./app/models/dao/tipos_acidentes_dao.py]
desvios_padroes_list -> deviations_standards_list [./app/models/dao/tipos_acidentes_dao.py]
media_desvio_tipos_acidentes_list -> deviation_types_accidents_list [./app/models/dao/tipos_acidentes_dao.py]
media_desvio_tipos_acidentes -> deviation_types_accidents [./app/models/dao/tipos_acidentes_dao.py]
media_desvio_tipos_acidentes_list -> deviation_types_accidents_list [./app/models/dao/tipos_acidentes_dao.py]

---- File ./app/models/dao/municipio_dao.py
acidentes_em_rodovias_refatoracao -> accidents_on_highways_refactoring [./app/models/dao/municipio_dao.py]
generico_dao -> Generic_Dao [./app/models/dao/municipio_dao.py]
lista_municipios -> counties_list [./app/models/dao/municipio_dao.py]
transforma_dicionario_em_objetos -> turns_dictionary_objects [./app/models/dao/municipio_dao.py]
executa_query -> performs_query [./app/models/dao/municipio_dao.py]

---- File ./app/models/dao/generico_dao.py
acidentes_em_rodovias_refatoracao -> accidents_on_highways_refactoring [./app/models/dao/generico_dao.py]
get_conexao -> get_connection [./app/models/dao/generico_dao.py]
get_conexao -> get_connection [./app/models/dao/generico_dao.py]
executa_query -> performs_query [./app/models/dao/generico_dao.py]
get_data_frame -> get_frame_data [./app/models/dao/generico_dao.py]
get_data_frame -> get_frame_data [./app/models/dao/generico_dao.py]
get_data_frame -> get_frame_data [./app/models/dao/generico_dao.py]
frame_query -> query_frame [./app/models/dao/generico_dao.py]
frame_query -> query_frame [./app/models/dao/generico_dao.py]
transforma_dicionario_em_objetos -> turns_dictionary_objects [./app/models/dao/generico_dao.py]
modulo_classe -> class_modulo [./app/models/dao/generico_dao.py]
lista_objetos -> list_objects [./app/models/dao/generico_dao.py]
modulo_classe -> class_modulo [./app/models/dao/generico_dao.py]
modulo_classe -> class_modulo [./app/models/dao/generico_dao.py]
lista_objetos -> list_objects [./app/models/dao/generico_dao.py]
lista_objetos -> list_objects [./app/models/dao/generico_dao.py]
lista_objetos -> list_objects [./app/models/dao/generico_dao.py]

---- File ./app/models/dao/envolvidos_acidentes_dao.py
acidentes_em_rodovias_refatoracao -> accidents_on_highways_refactoring [./app/models/dao/envolvidos_acidentes_dao.py]
generico_dao -> Generic_Dao [./app/models/dao/envolvidos_acidentes_dao.py]
envolvidos_acidentes -> involved_accidents [./app/models/dao/envolvidos_acidentes_dao.py]
estatisticas_util -> Useful_Statistics [./app/models/dao/envolvidos_acidentes_dao.py]
envolvidos_acidentes -> involved_accidents [./app/models/dao/envolvidos_acidentes_dao.py]
quantidade_envolvidos -> amount_involved [./app/models/dao/envolvidos_acidentes_dao.py]
quantidade_acidentes -> quantity_accidents [./app/models/dao/envolvidos_acidentes_dao.py]
estatisticas_envolvido -> Statistics_involved [./app/models/dao/envolvidos_acidentes_dao.py]
transforma_dicionario_em_objetos -> turns_dictionary_objects [./app/models/dao/envolvidos_acidentes_dao.py]
executa_query -> performs_query [./app/models/dao/envolvidos_acidentes_dao.py]
envolvidos_acidentes -> involved_accidents [./app/models/dao/envolvidos_acidentes_dao.py]
media_desvio_envolvidos -> deviation_involved [./app/models/dao/envolvidos_acidentes_dao.py]
lista_envolvidos -> List_involved [./app/models/dao/envolvidos_acidentes_dao.py]
lista_medias -> averages_list [./app/models/dao/envolvidos_acidentes_dao.py]
lista_envolvidos -> List_involved [./app/models/dao/envolvidos_acidentes_dao.py]
envolvidos_acidentes -> involved_accidents [./app/models/dao/envolvidos_acidentes_dao.py]
lista_medias -> averages_list [./app/models/dao/envolvidos_acidentes_dao.py]
lista_envolvidos -> List_involved [./app/models/dao/envolvidos_acidentes_dao.py]
quantidade_envolvidos -> amount_involved [./app/models/dao/envolvidos_acidentes_dao.py]
quantidade_acidentes -> quantity_accidents [./app/models/dao/envolvidos_acidentes_dao.py]
lista_medias -> averages_list [./app/models/dao/envolvidos_acidentes_dao.py]
desvio_padrao -> standard_deviation [./app/models/dao/envolvidos_acidentes_dao.py]
lista_medias -> averages_list [./app/models/dao/envolvidos_acidentes_dao.py]
lista_medias -> averages_list [./app/models/dao/envolvidos_acidentes_dao.py]

---- File ./app/models/dao/__init__.py

---- File ./app/controller/estatisticas_br_controller.py
render_to_response -> yield_response_to [./app/controller/estatisticas_br_controller.py]
br_acidentes_dao -> br_accidents_dao [./app/controller/estatisticas_br_controller.py]
acidentes_br -> accidents_en [./app/controller/estatisticas_br_controller.py]
br_dao -> en_dao [./app/controller/estatisticas_br_controller.py]
br_acidentes_geral -> en_general_accidents [./app/controller/estatisticas_br_controller.py]
br_dao -> en_dao [./app/controller/estatisticas_br_controller.py]
acidentes_br_geral -> Overall_accidents_en [./app/controller/estatisticas_br_controller.py]
acidentes_ano -> accident_year [./app/controller/estatisticas_br_controller.py]
br_dao -> en_dao [./app/controller/estatisticas_br_controller.py]
acidentes_br_ano -> accidents_br_year [./app/controller/estatisticas_br_controller.py]
render_to_response -> yield_response_to [./app/controller/estatisticas_br_controller.py]
render_to_response -> yield_response_to [./app/controller/estatisticas_br_controller.py]
br_acidentes -> br_accidents [./app/controller/estatisticas_br_controller.py]
br_acidentes_geral -> en_general_accidents [./app/controller/estatisticas_br_controller.py]
br_acidentes_geral -> en_general_accidents [./app/controller/estatisticas_br_controller.py]
acidentes_ano -> accident_year [./app/controller/estatisticas_br_controller.py]
acidentes_ano -> accident_year [./app/controller/estatisticas_br_controller.py]

---- File ./app/controller/estatisticas_causas_controller.py
render_to_response -> yield_response_to [./app/controller/estatisticas_causas_controller.py]
causas_acidentes_dao -> causes_accidents_dao [./app/controller/estatisticas_causas_controller.py]
causas_acidentes -> causes_accidents [./app/controller/estatisticas_causas_controller.py]
causas_dao -> causes_dao [./app/controller/estatisticas_causas_controller.py]
causas_list -> causes_list [./app/controller/estatisticas_causas_controller.py]
causas_dao -> causes_dao [./app/controller/estatisticas_causas_controller.py]
causas_acidentes -> causes_accidents [./app/controller/estatisticas_causas_controller.py]
causas_ano_list -> Causes_year_list [./app/controller/estatisticas_causas_controller.py]
causas_dao -> causes_dao [./app/controller/estatisticas_causas_controller.py]
causas_acidentes_ano -> causes_accident_year [./app/controller/estatisticas_causas_controller.py]
probabilidade_causas_list -> likely_causes_list [./app/controller/estatisticas_causas_controller.py]
causas_dao -> causes_dao [./app/controller/estatisticas_causas_controller.py]
probabilidade_causas_acidentes -> likely_causes_accidents [./app/controller/estatisticas_causas_controller.py]
media_desvio_list -> deviation_list [./app/controller/estatisticas_causas_controller.py]
causas_dao -> causes_dao [./app/controller/estatisticas_causas_controller.py]
media_desvio_causas_acidentes -> deviation_causes_accidents [./app/controller/estatisticas_causas_controller.py]
causas_list -> causes_list [./app/controller/estatisticas_causas_controller.py]
probabilidade_causas_list -> likely_causes_list [./app/controller/estatisticas_causas_controller.py]
causas_list -> causes_list [./app/controller/estatisticas_causas_controller.py]
render_to_response -> yield_response_to [./app/controller/estatisticas_causas_controller.py]
render_to_response -> yield_response_to [./app/controller/estatisticas_causas_controller.py]
causas_acidentes -> causes_accidents [./app/controller/estatisticas_causas_controller.py]
causas_acidentes_list -> causes_accidents_list [./app/controller/estatisticas_causas_controller.py]
causas_list -> causes_list [./app/controller/estatisticas_causas_controller.py]
causas_acidentes_ano_list -> causes_accidents_year_list [./app/controller/estatisticas_causas_controller.py]
causas_ano_list -> Causes_year_list [./app/controller/estatisticas_causas_controller.py]
causas_ano_list -> Causes_year_list [./app/controller/estatisticas_causas_controller.py]
ano_list -> year_list [./app/controller/estatisticas_causas_controller.py]
probabilidade_causas_acidentes_list -> likely_causes_accidents_list [./app/controller/estatisticas_causas_controller.py]
probabilidade_causas_list -> likely_causes_list [./app/controller/estatisticas_causas_controller.py]
causas_list -> causes_list [./app/controller/estatisticas_causas_controller.py]
media_desvio_causas_acidentes_list -> deviation_causes_accidents_list [./app/controller/estatisticas_causas_controller.py]
media_desvio_list -> deviation_list [./app/controller/estatisticas_causas_controller.py]

---- File ./app/controller/consultabasica_periodo_controller.py
render_to_response -> yield_response_to [./app/controller/consultabasica_periodo_controller.py]
ocorrencia_basica_dao -> basic_occurrence_dao [./app/controller/consultabasica_periodo_controller.py]
validacao_util -> useful_a_validation [./app/controller/consultabasica_periodo_controller.py]
consulta_por_periodo -> consultation_period [./app/controller/consultabasica_periodo_controller.py]
render_to_response -> yield_response_to [./app/controller/consultabasica_periodo_controller.py]
consulta_ocorrencias_por_periodo -> query_occurrences_by_period [./app/controller/consultabasica_periodo_controller.py]
data_inicio -> start_date [./app/controller/consultabasica_periodo_controller.py]
data_inicio -> start_date [./app/controller/consultabasica_periodo_controller.py]
data_fim -> date_order [./app/controller/consultabasica_periodo_controller.py]
data_fim -> date_order [./app/controller/consultabasica_periodo_controller.py]
render_to_response -> yield_response_to [./app/controller/consultabasica_periodo_controller.py]
valida_data -> validates_date [./app/controller/consultabasica_periodo_controller.py]
data_inicio -> start_date [./app/controller/consultabasica_periodo_controller.py]
valida_data -> validates_date [./app/controller/consultabasica_periodo_controller.py]
data_fim -> date_order [./app/controller/consultabasica_periodo_controller.py]
render_to_response -> yield_response_to [./app/controller/consultabasica_periodo_controller.py]
ocorrencia_dao -> occurrence_dao [./app/controller/consultabasica_periodo_controller.py]
ocorrencia_list -> occurrence_list [./app/controller/consultabasica_periodo_controller.py]
ocorrencia_dao -> occurrence_dao [./app/controller/consultabasica_periodo_controller.py]
lista_ocorrencias_por_periodo -> occurrences_list_by_period [./app/controller/consultabasica_periodo_controller.py]
data_inicio -> start_date [./app/controller/consultabasica_periodo_controller.py]
data_fim -> date_order [./app/controller/consultabasica_periodo_controller.py]
render_to_response -> yield_response_to [./app/controller/consultabasica_periodo_controller.py]
render_to_response -> yield_response_to [./app/controller/consultabasica_periodo_controller.py]
ocorrencia_list -> occurrence_list [./app/controller/consultabasica_periodo_controller.py]
ocorrencia_list -> occurrence_list [./app/controller/consultabasica_periodo_controller.py]
tipo_consulta -> query_type [./app/controller/consultabasica_periodo_controller.py]
data_inicio -> start_date [./app/controller/consultabasica_periodo_controller.py]
data_inicio -> start_date [./app/controller/consultabasica_periodo_controller.py]
data_fim -> date_order [./app/controller/consultabasica_periodo_controller.py]
data_fim -> date_order [./app/controller/consultabasica_periodo_controller.py]

---- File ./app/controller/index_controller.py
render_to_response -> yield_response_to [./app/controller/index_controller.py]
render_to_response -> yield_response_to [./app/controller/index_controller.py]

---- File ./app/controller/estatisticas_tipos_controller.py
render_to_response -> yield_response_to [./app/controller/estatisticas_tipos_controller.py]
tipos_acidentes_dao -> types_accidents_dao [./app/controller/estatisticas_tipos_controller.py]
tipos_acidentes -> types_accidents [./app/controller/estatisticas_tipos_controller.py]
tipos_dao -> types_dao [./app/controller/estatisticas_tipos_controller.py]
tipos_acidentes_list -> types_accidents_list [./app/controller/estatisticas_tipos_controller.py]
tipos_dao -> types_dao [./app/controller/estatisticas_tipos_controller.py]
tipos_acidentes -> types_accidents [./app/controller/estatisticas_tipos_controller.py]
tipos_acidentes_ano_list -> types_accidents_the_year_list [./app/controller/estatisticas_tipos_controller.py]
tipos_dao -> types_dao [./app/controller/estatisticas_tipos_controller.py]
tipos_acidentes_ano -> types_accidents_year [./app/controller/estatisticas_tipos_controller.py]
probabilidade_list -> probability_list [./app/controller/estatisticas_tipos_controller.py]
tipos_dao -> types_dao [./app/controller/estatisticas_tipos_controller.py]
probabilidade_tipos_acidentes -> likely_types_accidents [./app/controller/estatisticas_tipos_controller.py]
media_desvio_list -> deviation_list [./app/controller/estatisticas_tipos_controller.py]
tipos_dao -> types_dao [./app/controller/estatisticas_tipos_controller.py]
media_desvio_tipos_acidentes -> deviation_types_accidents [./app/controller/estatisticas_tipos_controller.py]
tipos_list -> types_list [./app/controller/estatisticas_tipos_controller.py]
probabilidade_list -> probability_list [./app/controller/estatisticas_tipos_controller.py]
tipos_list -> types_list [./app/controller/estatisticas_tipos_controller.py]
render_to_response -> yield_response_to [./app/controller/estatisticas_tipos_controller.py]
render_to_response -> yield_response_to [./app/controller/estatisticas_tipos_controller.py]
tipos_acidentes -> types_accidents [./app/controller/estatisticas_tipos_controller.py]
tipos_acidentes_list -> types_accidents_list [./app/controller/estatisticas_tipos_controller.py]
tipos_acidentes_list -> types_accidents_list [./app/controller/estatisticas_tipos_controller.py]
tipos_acidentes_ano_list -> types_accidents_the_year_list [./app/controller/estatisticas_tipos_controller.py]
tipos_acidentes_ano_list -> types_accidents_the_year_list [./app/controller/estatisticas_tipos_controller.py]
tipos_acidentes_ano_list -> types_accidents_the_year_list [./app/controller/estatisticas_tipos_controller.py]
ano_list -> year_list [./app/controller/estatisticas_tipos_controller.py]
probabilidade_tipos_acidentes_list -> probability_accidents_types_list [./app/controller/estatisticas_tipos_controller.py]
probabilidade_list -> probability_list [./app/controller/estatisticas_tipos_controller.py]
tipos_list -> types_list [./app/controller/estatisticas_tipos_controller.py]
media_desvio_tipos_acidentes_list -> deviation_types_accidents_list [./app/controller/estatisticas_tipos_controller.py]
media_desvio_list -> deviation_list [./app/controller/estatisticas_tipos_controller.py]

---- File ./app/controller/estatisticas_uf_controller.py
render_to_response -> yield_response_to [./app/controller/estatisticas_uf_controller.py]
uf_acidentes_dao -> uf_accidents_dao [./app/controller/estatisticas_uf_controller.py]
acidentes_uf -> uf_accidents [./app/controller/estatisticas_uf_controller.py]
uf_acidentes_geral -> uf_general_accidents [./app/controller/estatisticas_uf_controller.py]
acidentes_uf_geral -> Overall_uf_accidents [./app/controller/estatisticas_uf_controller.py]
uf_acidentes_ano -> uf_accident_year [./app/controller/estatisticas_uf_controller.py]
acidentes_uf_ano -> uf_accident_year [./app/controller/estatisticas_uf_controller.py]
render_to_response -> yield_response_to [./app/controller/estatisticas_uf_controller.py]
render_to_response -> yield_response_to [./app/controller/estatisticas_uf_controller.py]
uf_acidentes -> uf_accidents [./app/controller/estatisticas_uf_controller.py]
uf_acidentes_ano -> uf_accident_year [./app/controller/estatisticas_uf_controller.py]
uf_acidentes_ano -> uf_accident_year [./app/controller/estatisticas_uf_controller.py]
uf_acidentes_geral -> uf_general_accidents [./app/controller/estatisticas_uf_controller.py]
uf_acidentes_geral -> uf_general_accidents [./app/controller/estatisticas_uf_controller.py]
uf_acidentes_geral_mapa -> uf_general_accidents_map [./app/controller/estatisticas_uf_controller.py]
uf_acidentes_geral -> uf_general_accidents [./app/controller/estatisticas_uf_controller.py]

---- File ./app/controller/consultabasica_regiao_controller.py
render_to_response -> yield_response_to [./app/controller/consultabasica_regiao_controller.py]
municipio_dao -> municipality_dao [./app/controller/consultabasica_regiao_controller.py]
ocorrencia_basica_dao -> basic_occurrence_dao [./app/controller/consultabasica_regiao_controller.py]
validacao_util -> useful_a_validation [./app/controller/consultabasica_regiao_controller.py]
consulta_por_regiao -> query_by_region [./app/controller/consultabasica_regiao_controller.py]
lista_ufs -> ufs_list [./app/controller/consultabasica_regiao_controller.py]
render_to_response -> yield_response_to [./app/controller/consultabasica_regiao_controller.py]
render_to_response -> yield_response_to [./app/controller/consultabasica_regiao_controller.py]
consulta_municipios_na_regiao -> query_municipalities_in_the_region [./app/controller/consultabasica_regiao_controller.py]
render_to_response -> yield_response_to [./app/controller/consultabasica_regiao_controller.py]
valida_caracteres -> validates_characters [./app/controller/consultabasica_regiao_controller.py]
render_to_response -> yield_response_to [./app/controller/consultabasica_regiao_controller.py]
municipio_dao -> municipality_dao [./app/controller/consultabasica_regiao_controller.py]
municipio_dao -> municipality_dao [./app/controller/consultabasica_regiao_controller.py]
lista_municipios -> counties_list [./app/controller/consultabasica_regiao_controller.py]
render_to_response -> yield_response_to [./app/controller/consultabasica_regiao_controller.py]
render_to_response -> yield_response_to [./app/controller/consultabasica_regiao_controller.py]
consulta_ocorrencias_por_municipio -> query_occurrences_by_municipality [./app/controller/consultabasica_regiao_controller.py]
render_to_response -> yield_response_to [./app/controller/consultabasica_regiao_controller.py]
ocorrencia_dao -> occurrence_dao [./app/controller/consultabasica_regiao_controller.py]
ocorrencia_list -> occurrence_list [./app/controller/consultabasica_regiao_controller.py]
ocorrencia_dao -> occurrence_dao [./app/controller/consultabasica_regiao_controller.py]
lista_ocorrencias_por_regiao -> occurrences_list_by_region [./app/controller/consultabasica_regiao_controller.py]
render_to_response -> yield_response_to [./app/controller/consultabasica_regiao_controller.py]
ocorrencia_list -> occurrence_list [./app/controller/consultabasica_regiao_controller.py]
render_to_response -> yield_response_to [./app/controller/consultabasica_regiao_controller.py]
ocorrencia_list -> occurrence_list [./app/controller/consultabasica_regiao_controller.py]
ocorrencia_list -> occurrence_list [./app/controller/consultabasica_regiao_controller.py]
render_to_response -> yield_response_to [./app/controller/consultabasica_regiao_controller.py]
ocorrencia_list -> occurrence_list [./app/controller/consultabasica_regiao_controller.py]
ocorrencia_list -> occurrence_list [./app/controller/consultabasica_regiao_controller.py]
tipo_consulta -> query_type [./app/controller/consultabasica_regiao_controller.py]

---- File ./app/controller/estatisticas_envolvidos_controller.py
render_to_response -> yield_response_to [./app/controller/estatisticas_envolvidos_controller.py]
ocorrencias_e_envolvidos -> occurrences_and_involved [./app/controller/estatisticas_envolvidos_controller.py]
lista_envolvidos -> List_involved [./app/controller/estatisticas_envolvidos_controller.py]
envolvidos_acidentes -> involved_accidents [./app/controller/estatisticas_envolvidos_controller.py]
media_desvio_envolvidos -> deviation_involved [./app/controller/estatisticas_envolvidos_controller.py]
lista_envolvidos -> List_involved [./app/controller/estatisticas_envolvidos_controller.py]
ano_media_list -> list_year_average [./app/controller/estatisticas_envolvidos_controller.py]
render_to_response -> yield_response_to [./app/controller/estatisticas_envolvidos_controller.py]
lista_envolvidos -> List_involved [./app/controller/estatisticas_envolvidos_controller.py]
lista_envolvidos -> List_involved [./app/controller/estatisticas_envolvidos_controller.py]
ano_media_list -> list_year_average [./app/controller/estatisticas_envolvidos_controller.py]
ano_media_list -> list_year_average [./app/controller/estatisticas_envolvidos_controller.py]
acidentes_sexo -> Sex_accidents [./app/controller/estatisticas_envolvidos_controller.py]
pessoas_dao -> Dao_people [./app/controller/estatisticas_envolvidos_controller.py]
homens_ano -> men_year [./app/controller/estatisticas_envolvidos_controller.py]
pessoas_dao -> Dao_people [./app/controller/estatisticas_envolvidos_controller.py]
acidentes_por_sexo_e_ano -> accidents_by_sex_and_year [./app/controller/estatisticas_envolvidos_controller.py]
mulheres_ano -> women_year [./app/controller/estatisticas_envolvidos_controller.py]
pessoas_dao -> Dao_people [./app/controller/estatisticas_envolvidos_controller.py]
acidentes_por_sexo_e_ano -> accidents_by_sex_and_year [./app/controller/estatisticas_envolvidos_controller.py]
homens_geral -> Overall_men [./app/controller/estatisticas_envolvidos_controller.py]
pessoas_dao -> Dao_people [./app/controller/estatisticas_envolvidos_controller.py]
acidentes_por_sexo_geral -> accidents_overall_sex [./app/controller/estatisticas_envolvidos_controller.py]
mulheres_geral -> Overall_women [./app/controller/estatisticas_envolvidos_controller.py]
pessoas_dao -> Dao_people [./app/controller/estatisticas_envolvidos_controller.py]
acidentes_por_sexo_geral -> accidents_overall_sex [./app/controller/estatisticas_envolvidos_controller.py]
homens_geral -> Overall_men [./app/controller/estatisticas_envolvidos_controller.py]
mulheres_geral -> Overall_women [./app/controller/estatisticas_envolvidos_controller.py]
media_sexo -> average_sex [./app/controller/estatisticas_envolvidos_controller.py]
homens_geral -> Overall_men [./app/controller/estatisticas_envolvidos_controller.py]
mulheres_geral -> Overall_women [./app/controller/estatisticas_envolvidos_controller.py]
render_to_response -> yield_response_to [./app/controller/estatisticas_envolvidos_controller.py]
render_to_response -> yield_response_to [./app/controller/estatisticas_envolvidos_controller.py]
acidentes_sexo -> Sex_accidents [./app/controller/estatisticas_envolvidos_controller.py]
homens_geral -> Overall_men [./app/controller/estatisticas_envolvidos_controller.py]
homens_geral -> Overall_men [./app/controller/estatisticas_envolvidos_controller.py]
mulheres_geral -> Overall_women [./app/controller/estatisticas_envolvidos_controller.py]
mulheres_geral -> Overall_women [./app/controller/estatisticas_envolvidos_controller.py]
homens_ano -> men_year [./app/controller/estatisticas_envolvidos_controller.py]
homens_ano -> men_year [./app/controller/estatisticas_envolvidos_controller.py]
mulheres_ano -> women_year [./app/controller/estatisticas_envolvidos_controller.py]
mulheres_ano -> women_year [./app/controller/estatisticas_envolvidos_controller.py]

---- File ./app/controller/__init__.py
acidentes_em_rodovias_refatoracao -> accidents_on_highways_refactoring [./app/controller/__init__.py]
